<?xml version="1.0" encoding="UTF-8"?>
<!-- Generated by org.testng.reporters.JUnitXMLReporter -->
<testsuite ignored="0" hostname="LAPTOP-UB49DO0V" failures="0" tests="5" name="FirefoxTest" time="75.507" errors="0" timestamp="2022-02-02T10:18:36 NZDT">
  <testcase classname="Xero.Xero_User.Add_Bank_Account" name="AddBankAccount" time="35.48"/>
  <testcase classname="Xero.Xero_User.Add_Bank_Account" name="BankAccount" time="13.908"/>
  <testcase classname="Xero.Xero_User.Add_Bank_Account" name="Hompage" time="13.181"/>
  <testcase classname="Xero.Xero_User.Add_Bank_Account" name="Login_Unsuccessful_Password" time="1.364"/>
  <testcase classname="Xero.Xero_User.Add_Bank_Account" name="Login_Unsuccessful_username" time="1.369"/>
</testsuite> <!-- FirefoxTest -->
