<?xml version="1.0" encoding="UTF-8"?>
<!-- Generated by org.testng.reporters.JUnitXMLReporter -->
<testsuite ignored="0" hostname="LAPTOP-UB49DO0V" failures="0" tests="5" name="Test" time="0.069" errors="0" timestamp="2022-02-02T08:47:20 NZDT">
  <testcase classname="Xero.Xero_User.Add_Bank_Account" name="@BeforeMethod beforeClass" time="-1.643744840339E9">
    <failure type="org.testng.TestNGException" message="
Can inject only one of &amp;lt;ITestContext, XmlTest, Method, Object[], ITestResult&amp;gt; into a @BeforeMethod annotated beforeClass.
For more information on native dependency injection please refer to https://testng.org/doc/documentation-main.html#native-dependency-injection">
      <![CDATA[org.testng.TestNGException: 
Can inject only one of <ITestContext, XmlTest, Method, Object[], ITestResult> into a @BeforeMethod annotated beforeClass.
For more information on native dependency injection please refer to https://testng.org/doc/documentation-main.html#native-dependency-injection
at java.base/java.util.ArrayList.forEach(ArrayList.java:1511)
... Removed 28 stack frames]]>
    </failure>
  </testcase> <!-- @BeforeMethod beforeClass -->
  <testcase classname="Xero.Xero_User.Add_Bank_Account" name="@BeforeMethod beforeClass" time="-1.643744840355E9">
    <skipped/>
  </testcase> <!-- @BeforeMethod beforeClass -->
  <testcase classname="Xero.Xero_User.Add_Bank_Account" name="@BeforeMethod beforeClass" time="-1.64374484036E9">
    <skipped/>
  </testcase> <!-- @BeforeMethod beforeClass -->
  <testcase classname="Xero.Xero_User.Add_Bank_Account" name="@BeforeMethod beforeClass" time="-1.643744840364E9">
    <skipped/>
  </testcase> <!-- @BeforeMethod beforeClass -->
  <testcase classname="Xero.Xero_User.Add_Bank_Account" name="@BeforeMethod beforeClass" time="-1.643744840366E9">
    <skipped/>
  </testcase> <!-- @BeforeMethod beforeClass -->
  <testcase classname="Xero.Xero_User.Add_Bank_Account" name="@AfterClass afterClass" time="-1.643744840375E9">
    <skipped/>
  </testcase> <!-- @AfterClass afterClass -->
  <testcase classname="Xero.Xero_User.Add_Bank_Account" name="AddBankAccount" time="0.0">
    <skipped/>
  </testcase> <!-- AddBankAccount -->
  <testcase classname="Xero.Xero_User.Add_Bank_Account" name="BankAccount" time="0.0">
    <skipped/>
  </testcase> <!-- BankAccount -->
  <testcase classname="Xero.Xero_User.Add_Bank_Account" name="Hompage" time="0.0">
    <skipped/>
  </testcase> <!-- Hompage -->
  <testcase classname="Xero.Xero_User.Add_Bank_Account" name="Login_Unsuccessful_Password" time="0.0">
    <skipped/>
  </testcase> <!-- Login_Unsuccessful_Password -->
  <testcase classname="Xero.Xero_User.Add_Bank_Account" name="Login_Unsuccessful_username" time="0.0">
    <skipped/>
  </testcase> <!-- Login_Unsuccessful_username -->
</testsuite> <!-- Test -->
