<?xml version="1.0" encoding="UTF-8"?>
<testng-results ignored="0" total="10" passed="9" failed="1" skipped="0">
  <reporter-output>
  </reporter-output>
  <suite started-at="2022-02-02T10:17:21 NZDT" name="Suite" finished-at="2022-02-02T10:20:24 NZDT" duration-ms="183025">
    <groups>
    </groups>
    <test started-at="2022-02-02T10:17:21 NZDT" name="FirefoxTest" finished-at="2022-02-02T10:18:36 NZDT" duration-ms="75507">
      <class name="Xero.Xero_User.Add_Bank_Account">
        <test-method is-config="true" signature="setup(java.lang.String)[pri:0, instance:Xero.Xero_User.Add_Bank_Account@32ee6fee]" started-at="2022-02-02T10:17:21 NZDT" name="setup" finished-at="2022-02-02T10:17:24 NZDT" duration-ms="3071" status="PASS">
          <params>
            <param index="0">
              <value>
                <![CDATA[chrome]]>
              </value>
            </param>
          </params>
          <reporter-output>
          </reporter-output>
        </test-method> <!-- setup -->
        <test-method signature="AddBankAccount()[pri:0, instance:Xero.Xero_User.Add_Bank_Account@32ee6fee]" started-at="2022-02-02T10:17:24 NZDT" name="AddBankAccount" finished-at="2022-02-02T10:17:59 NZDT" duration-ms="35480" status="PASS">
          <reporter-output>
          </reporter-output>
        </test-method> <!-- AddBankAccount -->
        <test-method is-config="true" signature="afterClass()[pri:0, instance:Xero.Xero_User.Add_Bank_Account@32ee6fee]" started-at="2022-02-02T10:17:59 NZDT" name="afterClass" finished-at="2022-02-02T10:18:00 NZDT" duration-ms="232" status="PASS">
          <reporter-output>
          </reporter-output>
        </test-method> <!-- afterClass -->
        <test-method is-config="true" signature="setup(java.lang.String)[pri:0, instance:Xero.Xero_User.Add_Bank_Account@32ee6fee]" started-at="2022-02-02T10:18:00 NZDT" name="setup" finished-at="2022-02-02T10:18:01 NZDT" duration-ms="1545" status="PASS">
          <params>
            <param index="0">
              <value>
                <![CDATA[chrome]]>
              </value>
            </param>
          </params>
          <reporter-output>
          </reporter-output>
        </test-method> <!-- setup -->
        <test-method signature="BankAccount()[pri:0, instance:Xero.Xero_User.Add_Bank_Account@32ee6fee]" started-at="2022-02-02T10:18:01 NZDT" name="BankAccount" finished-at="2022-02-02T10:18:15 NZDT" duration-ms="13908" status="PASS">
          <reporter-output>
          </reporter-output>
        </test-method> <!-- BankAccount -->
        <test-method is-config="true" signature="afterClass()[pri:0, instance:Xero.Xero_User.Add_Bank_Account@32ee6fee]" started-at="2022-02-02T10:18:15 NZDT" name="afterClass" finished-at="2022-02-02T10:18:15 NZDT" duration-ms="208" status="PASS">
          <reporter-output>
          </reporter-output>
        </test-method> <!-- afterClass -->
        <test-method is-config="true" signature="setup(java.lang.String)[pri:0, instance:Xero.Xero_User.Add_Bank_Account@32ee6fee]" started-at="2022-02-02T10:18:15 NZDT" name="setup" finished-at="2022-02-02T10:18:17 NZDT" duration-ms="1396" status="PASS">
          <params>
            <param index="0">
              <value>
                <![CDATA[chrome]]>
              </value>
            </param>
          </params>
          <reporter-output>
          </reporter-output>
        </test-method> <!-- setup -->
        <test-method signature="Hompage()[pri:0, instance:Xero.Xero_User.Add_Bank_Account@32ee6fee]" started-at="2022-02-02T10:18:17 NZDT" name="Hompage" finished-at="2022-02-02T10:18:30 NZDT" duration-ms="13181" status="PASS">
          <reporter-output>
          </reporter-output>
        </test-method> <!-- Hompage -->
        <test-method is-config="true" signature="afterClass()[pri:0, instance:Xero.Xero_User.Add_Bank_Account@32ee6fee]" started-at="2022-02-02T10:18:30 NZDT" name="afterClass" finished-at="2022-02-02T10:18:30 NZDT" duration-ms="196" status="PASS">
          <reporter-output>
          </reporter-output>
        </test-method> <!-- afterClass -->
        <test-method is-config="true" signature="setup(java.lang.String)[pri:0, instance:Xero.Xero_User.Add_Bank_Account@32ee6fee]" started-at="2022-02-02T10:18:30 NZDT" name="setup" finished-at="2022-02-02T10:18:32 NZDT" duration-ms="1508" status="PASS">
          <params>
            <param index="0">
              <value>
                <![CDATA[chrome]]>
              </value>
            </param>
          </params>
          <reporter-output>
          </reporter-output>
        </test-method> <!-- setup -->
        <test-method signature="Login_Unsuccessful_Password()[pri:0, instance:Xero.Xero_User.Add_Bank_Account@32ee6fee]" started-at="2022-02-02T10:18:32 NZDT" name="Login_Unsuccessful_Password" finished-at="2022-02-02T10:18:33 NZDT" duration-ms="1364" status="PASS">
          <reporter-output>
          </reporter-output>
        </test-method> <!-- Login_Unsuccessful_Password -->
        <test-method is-config="true" signature="afterClass()[pri:0, instance:Xero.Xero_User.Add_Bank_Account@32ee6fee]" started-at="2022-02-02T10:18:33 NZDT" name="afterClass" finished-at="2022-02-02T10:18:33 NZDT" duration-ms="177" status="PASS">
          <reporter-output>
          </reporter-output>
        </test-method> <!-- afterClass -->
        <test-method is-config="true" signature="setup(java.lang.String)[pri:0, instance:Xero.Xero_User.Add_Bank_Account@32ee6fee]" started-at="2022-02-02T10:18:33 NZDT" name="setup" finished-at="2022-02-02T10:18:35 NZDT" duration-ms="1642" status="PASS">
          <params>
            <param index="0">
              <value>
                <![CDATA[chrome]]>
              </value>
            </param>
          </params>
          <reporter-output>
          </reporter-output>
        </test-method> <!-- setup -->
        <test-method signature="Login_Unsuccessful_username()[pri:0, instance:Xero.Xero_User.Add_Bank_Account@32ee6fee]" started-at="2022-02-02T10:18:35 NZDT" name="Login_Unsuccessful_username" finished-at="2022-02-02T10:18:36 NZDT" duration-ms="1369" status="PASS">
          <reporter-output>
          </reporter-output>
        </test-method> <!-- Login_Unsuccessful_username -->
        <test-method is-config="true" signature="afterClass()[pri:0, instance:Xero.Xero_User.Add_Bank_Account@32ee6fee]" started-at="2022-02-02T10:18:36 NZDT" name="afterClass" finished-at="2022-02-02T10:18:36 NZDT" duration-ms="174" status="PASS">
          <reporter-output>
          </reporter-output>
        </test-method> <!-- afterClass -->
      </class> <!-- Xero.Xero_User.Add_Bank_Account -->
    </test> <!-- FirefoxTest -->
    <test started-at="2022-02-02T10:18:36 NZDT" name="ChromeTest" finished-at="2022-02-02T10:20:24 NZDT" duration-ms="107464">
      <class name="Xero.Xero_User.Add_Bank_Account">
        <test-method is-config="true" signature="setup(java.lang.String)[pri:0, instance:Xero.Xero_User.Add_Bank_Account@7d4f9aae]" started-at="2022-02-02T10:18:36 NZDT" name="setup" finished-at="2022-02-02T10:18:40 NZDT" duration-ms="3827" status="PASS">
          <params>
            <param index="0">
              <value>
                <![CDATA[firefox]]>
              </value>
            </param>
          </params>
          <reporter-output>
          </reporter-output>
        </test-method> <!-- setup -->
        <test-method signature="AddBankAccount()[pri:0, instance:Xero.Xero_User.Add_Bank_Account@7d4f9aae]" started-at="2022-02-02T10:18:40 NZDT" name="AddBankAccount" finished-at="2022-02-02T10:19:19 NZDT" duration-ms="39118" status="FAIL">
          <exception class="org.openqa.selenium.NoSuchElementException">
            <message>
              <![CDATA[Unable to locate element: /html/body/div[5]/div/ul/li[2]
For documentation on this error, please visit: https://selenium.dev/exceptions/#no_such_element
Build info: version: '4.0.0', revision: '3a21814679'
System info: host: 'LAPTOP-UB49DO0V', ip: '192.168.40.123', os.name: 'Windows 10', os.arch: 'amd64', os.version: '10.0', java.version: '16.0.2'
Driver info: org.openqa.selenium.firefox.FirefoxDriver
Command: [9a5d92bf-8485-40ba-86db-1829cdcfb72b, findElement {using=xpath, value=/html/body/div[5]/div/ul/li[2]}]
Capabilities {acceptInsecureCerts: true, browserName: firefox, browserVersion: 96.0.3, javascriptEnabled: true, moz:accessibilityChecks: false, moz:buildID: 20220126154723, moz:debuggerAddress: localhost:50283, moz:geckodriverVersion: 0.30.0, moz:headless: false, moz:processID: 33932, moz:profile: C:\Users\satis\AppData\Loca..., moz:shutdownTimeout: 60000, moz:useNonSpecCompliantPointerOrigin: false, moz:webdriverClick: true, pageLoadStrategy: normal, platform: WINDOWS, platformName: WINDOWS, platformVersion: 10.0, proxy: Proxy(), se:cdp: ws://localhost:50283/devtoo..., se:cdpVersion: 85, setWindowRect: true, strictFileInteractability: false, timeouts: {implicit: 0, pageLoad: 300000, script: 30000}, unhandledPromptBehavior: dismiss and notify}
Session ID: 9a5d92bf-8485-40ba-86db-1829cdcfb72b]]>
            </message>
            <full-stacktrace>
              <![CDATA[org.openqa.selenium.NoSuchElementException: Unable to locate element: /html/body/div[5]/div/ul/li[2]
For documentation on this error, please visit: https://selenium.dev/exceptions/#no_such_element
Build info: version: '4.0.0', revision: '3a21814679'
System info: host: 'LAPTOP-UB49DO0V', ip: '192.168.40.123', os.name: 'Windows 10', os.arch: 'amd64', os.version: '10.0', java.version: '16.0.2'
Driver info: org.openqa.selenium.firefox.FirefoxDriver
Command: [9a5d92bf-8485-40ba-86db-1829cdcfb72b, findElement {using=xpath, value=/html/body/div[5]/div/ul/li[2]}]
Capabilities {acceptInsecureCerts: true, browserName: firefox, browserVersion: 96.0.3, javascriptEnabled: true, moz:accessibilityChecks: false, moz:buildID: 20220126154723, moz:debuggerAddress: localhost:50283, moz:geckodriverVersion: 0.30.0, moz:headless: false, moz:processID: 33932, moz:profile: C:\Users\satis\AppData\Loca..., moz:shutdownTimeout: 60000, moz:useNonSpecCompliantPointerOrigin: false, moz:webdriverClick: true, pageLoadStrategy: normal, platform: WINDOWS, platformName: WINDOWS, platformVersion: 10.0, proxy: Proxy(), se:cdp: ws://localhost:50283/devtoo..., se:cdpVersion: 85, setWindowRect: true, strictFileInteractability: false, timeouts: {implicit: 0, pageLoad: 300000, script: 30000}, unhandledPromptBehavior: dismiss and notify}
Session ID: 9a5d92bf-8485-40ba-86db-1829cdcfb72b
at jdk.internal.reflect.GeneratedConstructorAccessor11.newInstance(Unknown Source)
at java.base/jdk.internal.reflect.DelegatingConstructorAccessorImpl.newInstance(DelegatingConstructorAccessorImpl.java:45)
at java.base/java.lang.reflect.Constructor.newInstanceWithCaller(Constructor.java:499)
at java.base/java.lang.reflect.Constructor.newInstance(Constructor.java:480)
at org.openqa.selenium.remote.codec.w3c.W3CHttpResponseCodec.createException(W3CHttpResponseCodec.java:200)
at org.openqa.selenium.remote.codec.w3c.W3CHttpResponseCodec.decode(W3CHttpResponseCodec.java:133)
at org.openqa.selenium.remote.codec.w3c.W3CHttpResponseCodec.decode(W3CHttpResponseCodec.java:53)
at org.openqa.selenium.remote.HttpCommandExecutor.execute(HttpCommandExecutor.java:184)
at org.openqa.selenium.remote.service.DriverCommandExecutor.invokeExecute(DriverCommandExecutor.java:164)
at org.openqa.selenium.remote.service.DriverCommandExecutor.execute(DriverCommandExecutor.java:139)
at org.openqa.selenium.remote.RemoteWebDriver.execute(RemoteWebDriver.java:559)
at org.openqa.selenium.remote.ElementLocation$ElementFinder$2.findElement(ElementLocation.java:162)
at org.openqa.selenium.remote.ElementLocation.findElement(ElementLocation.java:60)
at org.openqa.selenium.remote.RemoteWebDriver.findElement(RemoteWebDriver.java:383)
at org.openqa.selenium.remote.RemoteWebDriver.findElement(RemoteWebDriver.java:375)
at Xero.Xero_User.Add_Bank_Account.AddBankAccount(Add_Bank_Account.java:100)
at java.base/jdk.internal.reflect.NativeMethodAccessorImpl.invoke0(Native Method)
at java.base/jdk.internal.reflect.NativeMethodAccessorImpl.invoke(NativeMethodAccessorImpl.java:78)
at java.base/jdk.internal.reflect.DelegatingMethodAccessorImpl.invoke(DelegatingMethodAccessorImpl.java:43)
at java.base/java.lang.reflect.Method.invoke(Method.java:567)
at org.testng.internal.MethodInvocationHelper.invokeMethod(MethodInvocationHelper.java:133)
at org.testng.internal.TestInvoker.invokeMethod(TestInvoker.java:598)
at org.testng.internal.TestInvoker.invokeTestMethod(TestInvoker.java:173)
at org.testng.internal.MethodRunner.runInSequence(MethodRunner.java:46)
at org.testng.internal.TestInvoker$MethodInvocationAgent.invoke(TestInvoker.java:824)
at org.testng.internal.TestInvoker.invokeTestMethods(TestInvoker.java:146)
at org.testng.internal.TestMethodWorker.invokeTestMethods(TestMethodWorker.java:146)
at org.testng.internal.TestMethodWorker.run(TestMethodWorker.java:128)
at java.base/java.util.ArrayList.forEach(ArrayList.java:1511)
at org.testng.TestRunner.privateRun(TestRunner.java:794)
at org.testng.TestRunner.run(TestRunner.java:596)
at org.testng.SuiteRunner.runTest(SuiteRunner.java:377)
at org.testng.SuiteRunner.runSequentially(SuiteRunner.java:371)
at org.testng.SuiteRunner.privateRun(SuiteRunner.java:332)
at org.testng.SuiteRunner.run(SuiteRunner.java:276)
at org.testng.SuiteRunnerWorker.runSuite(SuiteRunnerWorker.java:53)
at org.testng.SuiteRunnerWorker.run(SuiteRunnerWorker.java:96)
at org.testng.TestNG.runSuitesSequentially(TestNG.java:1212)
at org.testng.TestNG.runSuitesLocally(TestNG.java:1134)
at org.testng.TestNG.runSuites(TestNG.java:1063)
at org.testng.TestNG.run(TestNG.java:1031)
at org.testng.remote.AbstractRemoteTestNG.run(AbstractRemoteTestNG.java:115)
at org.testng.remote.RemoteTestNG.initAndRun(RemoteTestNG.java:251)
at org.testng.remote.RemoteTestNG.main(RemoteTestNG.java:77)
]]>
            </full-stacktrace>
          </exception> <!-- org.openqa.selenium.NoSuchElementException -->
          <reporter-output>
          </reporter-output>
        </test-method> <!-- AddBankAccount -->
        <test-method is-config="true" signature="afterClass()[pri:0, instance:Xero.Xero_User.Add_Bank_Account@7d4f9aae]" started-at="2022-02-02T10:19:19 NZDT" name="afterClass" finished-at="2022-02-02T10:19:21 NZDT" duration-ms="1474" status="PASS">
          <reporter-output>
          </reporter-output>
        </test-method> <!-- afterClass -->
        <test-method is-config="true" signature="setup(java.lang.String)[pri:0, instance:Xero.Xero_User.Add_Bank_Account@7d4f9aae]" started-at="2022-02-02T10:19:21 NZDT" name="setup" finished-at="2022-02-02T10:19:25 NZDT" duration-ms="4319" status="PASS">
          <params>
            <param index="0">
              <value>
                <![CDATA[firefox]]>
              </value>
            </param>
          </params>
          <reporter-output>
          </reporter-output>
        </test-method> <!-- setup -->
        <test-method signature="BankAccount()[pri:0, instance:Xero.Xero_User.Add_Bank_Account@7d4f9aae]" started-at="2022-02-02T10:19:25 NZDT" name="BankAccount" finished-at="2022-02-02T10:19:48 NZDT" duration-ms="22941" status="PASS">
          <reporter-output>
          </reporter-output>
        </test-method> <!-- BankAccount -->
        <test-method is-config="true" signature="afterClass()[pri:0, instance:Xero.Xero_User.Add_Bank_Account@7d4f9aae]" started-at="2022-02-02T10:19:48 NZDT" name="afterClass" finished-at="2022-02-02T10:19:50 NZDT" duration-ms="1707" status="PASS">
          <reporter-output>
          </reporter-output>
        </test-method> <!-- afterClass -->
        <test-method is-config="true" signature="setup(java.lang.String)[pri:0, instance:Xero.Xero_User.Add_Bank_Account@7d4f9aae]" started-at="2022-02-02T10:19:50 NZDT" name="setup" finished-at="2022-02-02T10:19:54 NZDT" duration-ms="4316" status="PASS">
          <params>
            <param index="0">
              <value>
                <![CDATA[firefox]]>
              </value>
            </param>
          </params>
          <reporter-output>
          </reporter-output>
        </test-method> <!-- setup -->
        <test-method signature="Hompage()[pri:0, instance:Xero.Xero_User.Add_Bank_Account@7d4f9aae]" started-at="2022-02-02T10:19:54 NZDT" name="Hompage" finished-at="2022-02-02T10:20:07 NZDT" duration-ms="12945" status="PASS">
          <reporter-output>
          </reporter-output>
        </test-method> <!-- Hompage -->
        <test-method is-config="true" signature="afterClass()[pri:0, instance:Xero.Xero_User.Add_Bank_Account@7d4f9aae]" started-at="2022-02-02T10:20:07 NZDT" name="afterClass" finished-at="2022-02-02T10:20:09 NZDT" duration-ms="2095" status="PASS">
          <reporter-output>
          </reporter-output>
        </test-method> <!-- afterClass -->
        <test-method is-config="true" signature="setup(java.lang.String)[pri:0, instance:Xero.Xero_User.Add_Bank_Account@7d4f9aae]" started-at="2022-02-02T10:20:09 NZDT" name="setup" finished-at="2022-02-02T10:20:14 NZDT" duration-ms="4316" status="PASS">
          <params>
            <param index="0">
              <value>
                <![CDATA[firefox]]>
              </value>
            </param>
          </params>
          <reporter-output>
          </reporter-output>
        </test-method> <!-- setup -->
        <test-method signature="Login_Unsuccessful_Password()[pri:0, instance:Xero.Xero_User.Add_Bank_Account@7d4f9aae]" started-at="2022-02-02T10:20:14 NZDT" name="Login_Unsuccessful_Password" finished-at="2022-02-02T10:20:15 NZDT" duration-ms="1859" status="PASS">
          <reporter-output>
          </reporter-output>
        </test-method> <!-- Login_Unsuccessful_Password -->
        <test-method is-config="true" signature="afterClass()[pri:0, instance:Xero.Xero_User.Add_Bank_Account@7d4f9aae]" started-at="2022-02-02T10:20:15 NZDT" name="afterClass" finished-at="2022-02-02T10:20:16 NZDT" duration-ms="857" status="PASS">
          <reporter-output>
          </reporter-output>
        </test-method> <!-- afterClass -->
        <test-method is-config="true" signature="setup(java.lang.String)[pri:0, instance:Xero.Xero_User.Add_Bank_Account@7d4f9aae]" started-at="2022-02-02T10:20:16 NZDT" name="setup" finished-at="2022-02-02T10:20:21 NZDT" duration-ms="4342" status="PASS">
          <params>
            <param index="0">
              <value>
                <![CDATA[firefox]]>
              </value>
            </param>
          </params>
          <reporter-output>
          </reporter-output>
        </test-method> <!-- setup -->
        <test-method signature="Login_Unsuccessful_username()[pri:0, instance:Xero.Xero_User.Add_Bank_Account@7d4f9aae]" started-at="2022-02-02T10:20:21 NZDT" name="Login_Unsuccessful_username" finished-at="2022-02-02T10:20:23 NZDT" duration-ms="2155" status="PASS">
          <reporter-output>
          </reporter-output>
        </test-method> <!-- Login_Unsuccessful_username -->
        <test-method is-config="true" signature="afterClass()[pri:0, instance:Xero.Xero_User.Add_Bank_Account@7d4f9aae]" started-at="2022-02-02T10:20:23 NZDT" name="afterClass" finished-at="2022-02-02T10:20:24 NZDT" duration-ms="1183" status="PASS">
          <reporter-output>
          </reporter-output>
        </test-method> <!-- afterClass -->
      </class> <!-- Xero.Xero_User.Add_Bank_Account -->
    </test> <!-- ChromeTest -->
  </suite> <!-- Suite -->
</testng-results>
